2021-05-15 12:00:12.824 [info] <0.44.0> Application lager started on node nonode@nohost
2021-05-15 12:00:12.825 [info] <0.44.0> Application nimble_options started on node nonode@nohost
2021-05-15 12:00:12.833 [info] <0.44.0> Application xmerl started on node nonode@nohost
2021-05-15 12:00:12.848 [info] <0.44.0> Application sasl started on node nonode@nohost
2021-05-15 12:00:12.853 [info] <0.44.0> Application tools started on node nonode@nohost
2021-05-15 12:00:12.855 [info] <0.44.0> Application jsx started on node nonode@nohost
2021-05-15 12:00:12.857 [info] <0.44.0> Application recon started on node nonode@nohost
2021-05-15 12:00:12.907 [info] <0.44.0> Application credentials_obfuscation started on node nonode@nohost
2021-05-15 12:00:12.907 [info] <0.44.0> Application rabbit_common started on node nonode@nohost
2021-05-15 12:00:12.914 [info] <0.44.0> Application amqp_client started on node nonode@nohost
2021-05-15 12:00:12.914 [info] <0.44.0> Application amqp started on node nonode@nohost
2021-05-15 12:00:12.914 [info] <0.44.0> Application broadway_rabbitmq started on node nonode@nohost
2021-05-15 12:00:12.916 [error] <0.872.0> Supervisor 'Elixir.BookingsPipeline.Broadway.ProducerSupervisor' had child 'Elixir.BookingsPipeline.Broadway.Producer_0' started with 'Elixir.Broadway.Topology.ProducerStage':start_link([{broadway,[{hibernate_after,15000},{batchers,[]},{context,context_not_set},{resubscribe_interval,...},...]},...], 0, [{name,'Elixir.BookingsPipeline.Broadway.Producer_0'},{hibernate_after,15000}]) at undefined exit with reason #{'__exception__' => true,'__struct__' => 'Elixir.ArgumentError',message => <<"expected :on_failure to be one of [:ack, :reject, :reject_and_requeue, :reject_and_requeue_once], got: :reject_and_queue">>} in 'Elixir.BroadwayRabbitMQ.Producer':init/1 line 331 in context start_error
2021-05-15 12:04:02.391 [info] <0.44.0> Application lager started on node nonode@nohost
2021-05-15 12:04:02.394 [info] <0.44.0> Application nimble_options started on node nonode@nohost
2021-05-15 12:04:02.403 [info] <0.44.0> Application xmerl started on node nonode@nohost
2021-05-15 12:04:02.417 [info] <0.44.0> Application sasl started on node nonode@nohost
2021-05-15 12:04:02.421 [info] <0.44.0> Application tools started on node nonode@nohost
2021-05-15 12:04:02.423 [info] <0.44.0> Application jsx started on node nonode@nohost
2021-05-15 12:04:02.424 [info] <0.44.0> Application recon started on node nonode@nohost
2021-05-15 12:04:02.472 [info] <0.44.0> Application credentials_obfuscation started on node nonode@nohost
2021-05-15 12:04:02.472 [info] <0.44.0> Application rabbit_common started on node nonode@nohost
2021-05-15 12:04:02.479 [info] <0.44.0> Application amqp_client started on node nonode@nohost
2021-05-15 12:04:02.481 [info] <0.44.0> Application amqp started on node nonode@nohost
2021-05-15 12:04:02.481 [info] <0.44.0> Application broadway_rabbitmq started on node nonode@nohost
2021-05-15 12:04:02.508 [error] <0.303.0> Supervisor 'Elixir.BookingsPipeline.Broadway.ProducerSupervisor' had child 'Elixir.BookingsPipeline.Broadway.Producer_0' started with 'Elixir.Broadway.Topology.ProducerStage':start_link([{broadway,[{hibernate_after,15000},{batchers,[]},{context,context_not_set},{resubscribe_interval,...},...]},...], 0, [{name,'Elixir.BookingsPipeline.Broadway.Producer_0'},{hibernate_after,15000}]) at undefined exit with reason #{'__exception__' => true,'__struct__' => 'Elixir.ArgumentError',message => <<"expected :on_failure to be one of [:ack, :reject, :reject_and_requeue, :reject_and_requeue_once], got: :reject_and_queue">>} in 'Elixir.BroadwayRabbitMQ.Producer':init/1 line 331 in context start_error
2021-05-15 12:05:06.387 [info] <0.44.0> Application lager started on node nonode@nohost
2021-05-15 12:05:06.390 [info] <0.44.0> Application nimble_options started on node nonode@nohost
2021-05-15 12:05:06.396 [info] <0.44.0> Application xmerl started on node nonode@nohost
2021-05-15 12:05:06.407 [info] <0.44.0> Application sasl started on node nonode@nohost
2021-05-15 12:05:06.411 [info] <0.44.0> Application tools started on node nonode@nohost
2021-05-15 12:05:06.413 [info] <0.44.0> Application jsx started on node nonode@nohost
2021-05-15 12:05:06.414 [info] <0.44.0> Application recon started on node nonode@nohost
2021-05-15 12:05:06.463 [info] <0.44.0> Application credentials_obfuscation started on node nonode@nohost
2021-05-15 12:05:06.463 [info] <0.44.0> Application rabbit_common started on node nonode@nohost
2021-05-15 12:05:06.470 [info] <0.44.0> Application amqp_client started on node nonode@nohost
2021-05-15 12:05:06.473 [info] <0.44.0> Application amqp started on node nonode@nohost
2021-05-15 12:05:06.473 [info] <0.44.0> Application broadway_rabbitmq started on node nonode@nohost
2021-05-15 12:05:06.500 [error] <0.304.0> Supervisor 'Elixir.BookingsPipeline.Broadway.ProducerSupervisor' had child 'Elixir.BookingsPipeline.Broadway.Producer_0' started with 'Elixir.Broadway.Topology.ProducerStage':start_link([{broadway,[{hibernate_after,15000},{batchers,[]},{context,context_not_set},{resubscribe_interval,...},...]},...], 0, [{name,'Elixir.BookingsPipeline.Broadway.Producer_0'},{hibernate_after,15000}]) at undefined exit with reason #{'__exception__' => true,'__struct__' => 'Elixir.ArgumentError',message => <<"invalid options given to BroadwayRabbitMQ.AmqpClient.init/1, unknown options [:durabe], valid options are: [:durable, :auto_delete, :exclusive, :passive, :no_wait, :arguments] (in options [:declare])">>} in 'Elixir.BroadwayRabbitMQ.Producer':'init_client!'/2 line 632 in context start_error
2021-05-15 12:09:01.897 [info] <0.44.0> Application lager started on node nonode@nohost
2021-05-15 12:09:01.899 [info] <0.44.0> Application nimble_options started on node nonode@nohost
2021-05-15 12:09:01.904 [info] <0.44.0> Application xmerl started on node nonode@nohost
2021-05-15 12:09:01.916 [info] <0.44.0> Application sasl started on node nonode@nohost
2021-05-15 12:09:01.922 [info] <0.44.0> Application tools started on node nonode@nohost
2021-05-15 12:09:01.924 [info] <0.44.0> Application jsx started on node nonode@nohost
2021-05-15 12:09:01.926 [info] <0.44.0> Application recon started on node nonode@nohost
2021-05-15 12:09:01.971 [info] <0.44.0> Application credentials_obfuscation started on node nonode@nohost
2021-05-15 12:09:01.971 [info] <0.44.0> Application rabbit_common started on node nonode@nohost
2021-05-15 12:09:01.979 [info] <0.44.0> Application amqp_client started on node nonode@nohost
2021-05-15 12:09:01.981 [info] <0.44.0> Application amqp started on node nonode@nohost
2021-05-15 12:09:01.981 [info] <0.44.0> Application broadway_rabbitmq started on node nonode@nohost
2021-05-15 12:09:02.012 [info] <0.44.0> Application tickets started on node nonode@nohost
2021-05-15 12:19:10.079 [info] <0.44.0> Application lager started on node nonode@nohost
2021-05-15 12:19:10.086 [info] <0.44.0> Application xmerl started on node nonode@nohost
2021-05-15 12:19:10.101 [info] <0.44.0> Application sasl started on node nonode@nohost
2021-05-15 12:19:10.105 [info] <0.44.0> Application tools started on node nonode@nohost
2021-05-15 12:19:10.108 [info] <0.44.0> Application jsx started on node nonode@nohost
2021-05-15 12:19:10.110 [info] <0.44.0> Application recon started on node nonode@nohost
2021-05-15 12:19:10.162 [info] <0.44.0> Application credentials_obfuscation started on node nonode@nohost
2021-05-15 12:19:10.163 [info] <0.44.0> Application rabbit_common started on node nonode@nohost
2021-05-15 12:19:10.172 [info] <0.44.0> Application amqp_client started on node nonode@nohost
2021-05-15 12:19:10.175 [info] <0.44.0> Application amqp started on node nonode@nohost
2021-05-15 12:19:10.179 [info] <0.44.0> Application nimble_options started on node nonode@nohost
2021-05-15 12:19:10.179 [info] <0.44.0> Application broadway_rabbitmq started on node nonode@nohost
2021-05-15 12:19:10.208 [info] <0.44.0> Application tickets started on node nonode@nohost
2021-05-15 12:20:05.752 [info] <0.44.0> Application lager started on node nonode@nohost
2021-05-15 12:20:05.760 [info] <0.44.0> Application xmerl started on node nonode@nohost
2021-05-15 12:20:05.772 [info] <0.44.0> Application sasl started on node nonode@nohost
2021-05-15 12:20:05.778 [info] <0.44.0> Application tools started on node nonode@nohost
2021-05-15 12:20:05.779 [info] <0.44.0> Application jsx started on node nonode@nohost
2021-05-15 12:20:05.781 [info] <0.44.0> Application recon started on node nonode@nohost
2021-05-15 12:20:05.829 [info] <0.44.0> Application credentials_obfuscation started on node nonode@nohost
2021-05-15 12:20:05.829 [info] <0.44.0> Application rabbit_common started on node nonode@nohost
2021-05-15 12:20:05.836 [info] <0.44.0> Application amqp_client started on node nonode@nohost
2021-05-15 12:20:05.837 [info] <0.44.0> Application amqp started on node nonode@nohost
2021-05-15 12:20:05.840 [info] <0.44.0> Application nimble_options started on node nonode@nohost
2021-05-15 12:20:05.840 [info] <0.44.0> Application broadway_rabbitmq started on node nonode@nohost
2021-05-15 12:20:05.872 [info] <0.44.0> Application tickets started on node nonode@nohost
2021-05-15 12:34:50.054 [info] <0.44.0> Application lager started on node nonode@nohost
2021-05-15 12:34:50.059 [info] <0.44.0> Application xmerl started on node nonode@nohost
2021-05-15 12:34:50.074 [info] <0.44.0> Application sasl started on node nonode@nohost
2021-05-15 12:34:50.079 [info] <0.44.0> Application tools started on node nonode@nohost
2021-05-15 12:34:50.080 [info] <0.44.0> Application jsx started on node nonode@nohost
2021-05-15 12:34:50.081 [info] <0.44.0> Application recon started on node nonode@nohost
2021-05-15 12:34:50.129 [info] <0.44.0> Application credentials_obfuscation started on node nonode@nohost
2021-05-15 12:34:50.129 [info] <0.44.0> Application rabbit_common started on node nonode@nohost
2021-05-15 12:34:50.137 [info] <0.44.0> Application amqp_client started on node nonode@nohost
2021-05-15 12:34:50.139 [info] <0.44.0> Application amqp started on node nonode@nohost
2021-05-15 12:34:50.143 [info] <0.44.0> Application nimble_options started on node nonode@nohost
2021-05-15 12:34:50.144 [info] <0.44.0> Application broadway_rabbitmq started on node nonode@nohost
2021-05-15 12:34:50.181 [info] <0.44.0> Application tickets started on node nonode@nohost
2021-05-15 12:35:59.215 [info] <0.44.0> Application lager started on node nonode@nohost
2021-05-15 12:35:59.223 [info] <0.44.0> Application xmerl started on node nonode@nohost
2021-05-15 12:35:59.240 [info] <0.44.0> Application sasl started on node nonode@nohost
2021-05-15 12:35:59.244 [info] <0.44.0> Application tools started on node nonode@nohost
2021-05-15 12:35:59.246 [info] <0.44.0> Application jsx started on node nonode@nohost
2021-05-15 12:35:59.248 [info] <0.44.0> Application recon started on node nonode@nohost
2021-05-15 12:35:59.295 [info] <0.44.0> Application credentials_obfuscation started on node nonode@nohost
2021-05-15 12:35:59.295 [info] <0.44.0> Application rabbit_common started on node nonode@nohost
2021-05-15 12:35:59.303 [info] <0.44.0> Application amqp_client started on node nonode@nohost
2021-05-15 12:35:59.305 [info] <0.44.0> Application amqp started on node nonode@nohost
2021-05-15 12:35:59.309 [info] <0.44.0> Application nimble_options started on node nonode@nohost
2021-05-15 12:35:59.309 [info] <0.44.0> Application broadway_rabbitmq started on node nonode@nohost
2021-05-15 12:35:59.341 [info] <0.44.0> Application tickets started on node nonode@nohost
2021-05-15 12:36:28.771 [info] <0.44.0> Application lager started on node nonode@nohost
2021-05-15 12:36:28.776 [info] <0.44.0> Application xmerl started on node nonode@nohost
2021-05-15 12:36:28.788 [info] <0.44.0> Application sasl started on node nonode@nohost
2021-05-15 12:36:28.793 [info] <0.44.0> Application tools started on node nonode@nohost
2021-05-15 12:36:28.794 [info] <0.44.0> Application jsx started on node nonode@nohost
2021-05-15 12:36:28.797 [info] <0.44.0> Application recon started on node nonode@nohost
2021-05-15 12:36:28.843 [info] <0.44.0> Application credentials_obfuscation started on node nonode@nohost
2021-05-15 12:36:28.843 [info] <0.44.0> Application rabbit_common started on node nonode@nohost
2021-05-15 12:36:28.851 [info] <0.44.0> Application amqp_client started on node nonode@nohost
2021-05-15 12:36:28.853 [info] <0.44.0> Application amqp started on node nonode@nohost
2021-05-15 12:36:28.856 [info] <0.44.0> Application nimble_options started on node nonode@nohost
2021-05-15 12:36:28.857 [info] <0.44.0> Application broadway_rabbitmq started on node nonode@nohost
2021-05-15 12:36:28.889 [info] <0.44.0> Application tickets started on node nonode@nohost
2021-05-15 12:56:42.648 [info] <0.44.0> Application lager started on node nonode@nohost
2021-05-15 12:56:42.658 [info] <0.44.0> Application xmerl started on node nonode@nohost
2021-05-15 12:56:42.686 [info] <0.44.0> Application sasl started on node nonode@nohost
2021-05-15 12:56:42.693 [info] <0.44.0> Application tools started on node nonode@nohost
2021-05-15 12:56:42.694 [info] <0.44.0> Application jsx started on node nonode@nohost
2021-05-15 12:56:42.696 [info] <0.44.0> Application recon started on node nonode@nohost
2021-05-15 12:56:42.784 [info] <0.44.0> Application credentials_obfuscation started on node nonode@nohost
2021-05-15 12:56:42.784 [info] <0.44.0> Application rabbit_common started on node nonode@nohost
2021-05-15 12:56:42.812 [info] <0.44.0> Application amqp_client started on node nonode@nohost
2021-05-15 12:56:42.820 [info] <0.44.0> Application amqp started on node nonode@nohost
2021-05-15 12:56:42.823 [info] <0.44.0> Application nimble_options started on node nonode@nohost
2021-05-15 12:56:42.823 [info] <0.44.0> Application broadway_rabbitmq started on node nonode@nohost
2021-05-15 12:56:42.935 [info] <0.44.0> Application tickets started on node nonode@nohost
